<?xml version="1.0" encoding="UTF-8"?>
<testsuite xmlns:xsi="http://www.w3.org/2001/XMLSchema-instance" xsi:noNamespaceSchemaLocation="https://maven.apache.org/surefire/maven-surefire-plugin/xsd/surefire-test-report-3.0.xsd" version="3.0" name="tests.CreateUserTest" time="9.523" tests="4" errors="0" skipped="0" failures="1">
  <properties>
[...]
</properties>
  <testcase name="cannotCreateDuplicateUsers" classname="tests.CreateUserTest" time="2.258">
    <failure type="java.lang.AssertionError"><![CDATA[java.lang.AssertionError: 
1 expectation failed.
JSON path message doesn't match.
Expected: User already exists
  Actual: Email, password and name are required fields

	at tests.CreateUserTest.attemptDuplicateRegistration(CreateUserTest.java:151)
	at tests.CreateUserTest.cannotCreateDuplicateUsers(CreateUserTest.java:106)
]]></failure>
  </testcase>
  <testcase name="waitForFiveSeconds" classname="tests.CreateUserTest" time="5.018"/>
  <testcase name="allMandatoryFieldsAreRequired" classname="tests.CreateUserTest" time="0.363"/>
  <testcase name="canCreateUserSuccessfully" classname="tests.CreateUserTest" time="0.437">
    <system-out><![CDATA[HTTP/1.1 200 OK
Server: nginx/1.24.0 (Ubuntu)
Date: Fri, 09 Jan 2026 06:43:06 GMT
Content-Type: application/json; charset=utf-8
Content-Length: 419
Connection: keep-alive
X-Powered-By: Express
Access-Control-Allow-Origin: *
authorization: Bearer eyJhbGciOiJIUzI1NiIsInR5cCI6IkpXVCJ9.eyJpZCI6IjY5NjBhMzdhOTg0MjcwMDAxYmUyZWRiNiIsImlhdCI6MTc2Nzk0MDk4NiwiZXhwIjoxNzY3OTQyMTg2fQ.JPHC-4sOiyX5JbpJMOy_vOnhbsB89ykADvWiXj_QlQg
ETag: W/"1a3-cNRNkodA8OWhGsww1/w2f9VzMhk"

{
    "success": true,
    "user": {
        "email": "ellsworth.will@hotmail.com_bbbea7fc-0bfc-4be6-b397-1a96fdf648e8",
        "name": "Ms. Lowell Torphy"
    },
    "accessToken": "Bearer eyJhbGciOiJIUzI1NiIsInR5cCI6IkpXVCJ9.eyJpZCI6IjY5NjBhMzdhOTg0MjcwMDAxYmUyZWRiNiIsImlhdCI6MTc2Nzk0MDk4NiwiZXhwIjoxNzY3OTQyMTg2fQ.JPHC-4sOiyX5JbpJMOy_vOnhbsB89ykADvWiXj_QlQg",
    "refreshToken": "050637e1e969f8d9cf11837aa647581002ebf4867588e781fcb3861a6611789220f374a6f76df1f3"
}
]]></system-out>
  </testcase>
</testsuite>