<?xml version="1.0" encoding="UTF-8"?>
<testsuite xmlns:xsi="http://www.w3.org/2001/XMLSchema-instance" xsi:noNamespaceSchemaLocation="https://maven.apache.org/surefire/maven-surefire-plugin/xsd/surefire-test-report-3.0.xsd" version="3.0" name="tests.CreateUserTest" time="11.454" tests="3" errors="0" skipped="0" failures="0">
  <properties>
[...]
</properties>
  <testcase name="cannotCreateDuplicateUsers" classname="tests.CreateUserTest" time="7.227">
    <system-out><![CDATA[HTTP/1.1 200 OK
Server: nginx/1.24.0 (Ubuntu)
Date: Sat, 14 Feb 2026 13:12:37 GMT
Content-Type: application/json; charset=utf-8
Content-Length: 416
Connection: keep-alive
X-Powered-By: Express
Access-Control-Allow-Origin: *
authorization: Bearer eyJhbGciOiJIUzI1NiIsInR5cCI6IkpXVCJ9.eyJpZCI6IjY5OTA3NGM1OTg0MjcwMDAxYmU0YmNkZCIsImlhdCI6MTc3MTA3NDc1NywiZXhwIjoxNzcxMDc1OTU3fQ.UWnnvpk-AAAR_FeiwFJj-1WyIxzxW2CA_kRZiFy7yIk
ETag: W/"1a0-uqtvqXNQkIwjo6yGl8lKpn8n2Xw"

{
    "success": true,
    "user": {
        "email": "antonio.okuneva@hotmail.com_84349493-6079-412a-a665-f90029d61c3d",
        "name": "Loura Pacocha"
    },
    "accessToken": "Bearer eyJhbGciOiJIUzI1NiIsInR5cCI6IkpXVCJ9.eyJpZCI6IjY5OTA3NGM1OTg0MjcwMDAxYmU0YmNkZCIsImlhdCI6MTc3MTA3NDc1NywiZXhwIjoxNzcxMDc1OTU3fQ.UWnnvpk-AAAR_FeiwFJj-1WyIxzxW2CA_kRZiFy7yIk",
    "refreshToken": "6446f5712c520873610611da2af95bd8073cc0e0b8110a870e87dc5373a99e8f054472db805ce114"
}
]]></system-out>
  </testcase>
  <testcase name="allMandatoryFieldsAreRequired" classname="tests.CreateUserTest" time="2.23"/>
  <testcase name="canCreateUserSuccessfully" classname="tests.CreateUserTest" time="1.246">
    <system-out><![CDATA[HTTP/1.1 200 OK
Server: nginx/1.24.0 (Ubuntu)
Date: Sat, 14 Feb 2026 13:12:44 GMT
Content-Type: application/json; charset=utf-8
Content-Length: 416
Connection: keep-alive
X-Powered-By: Express
Access-Control-Allow-Origin: *
authorization: Bearer eyJhbGciOiJIUzI1NiIsInR5cCI6IkpXVCJ9.eyJpZCI6IjY5OTA3NGNjOTg0MjcwMDAxYmU0YmNlOCIsImlhdCI6MTc3MTA3NDc2NCwiZXhwIjoxNzcxMDc1OTY0fQ.XhqSIOfU6A_e4KhG-qAtkMu2c70_SB2gly0i3e4k-34
ETag: W/"1a0-3c1lrePiEpXy2pSqX8FyD/wiFpU"

{
    "success": true,
    "user": {
        "email": "vito.hand@hotmail.com_21caff17-f6ec-40dd-ad47-68383242e6f6",
        "name": "Ms. Loraine Stanton"
    },
    "accessToken": "Bearer eyJhbGciOiJIUzI1NiIsInR5cCI6IkpXVCJ9.eyJpZCI6IjY5OTA3NGNjOTg0MjcwMDAxYmU0YmNlOCIsImlhdCI6MTc3MTA3NDc2NCwiZXhwIjoxNzcxMDc1OTY0fQ.XhqSIOfU6A_e4KhG-qAtkMu2c70_SB2gly0i3e4k-34",
    "refreshToken": "847871e768f26ee2488c44f3879fcd45a9c822f22aaea91d2bb909e980bf737635e95baceb2cb946"
}
]]></system-out>
  </testcase>
</testsuite>